<?xml version="1.0" encoding="UTF-8"?>
<testng-results ignored="0" total="1" passed="1" failed="0" skipped="0">
  <reporter-output>
  </reporter-output>
  <suite started-at="2024-07-12T22:43:39 IST" name="Default suite" finished-at="2024-07-12T22:44:15 IST" duration-ms="36197">
    <groups>
    </groups>
    <test started-at="2024-07-12T22:43:39 IST" name="Default test" finished-at="2024-07-12T22:44:15 IST" duration-ms="36197">
      <class name="Campaign.CreateCampaignTest">
        <test-method is-config="true" signature="BeforeSuite()[pri:0, instance:Campaign.CreateCampaignTest@942a29c]" started-at="2024-07-12T22:43:39 IST" name="BeforeSuite" finished-at="2024-07-12T22:43:39 IST" duration-ms="17" status="PASS">
          <reporter-output>
          </reporter-output>
        </test-method> <!-- BeforeSuite -->
        <test-method is-config="true" signature="BeforeTest()[pri:0, instance:Campaign.CreateCampaignTest@942a29c]" started-at="2024-07-12T22:43:39 IST" name="BeforeTest" finished-at="2024-07-12T22:43:39 IST" duration-ms="3" status="PASS">
          <reporter-output>
          </reporter-output>
        </test-method> <!-- BeforeTest -->
        <test-method is-config="true" signature="BeforeClass()[pri:0, instance:Campaign.CreateCampaignTest@942a29c]" started-at="2024-07-12T22:43:39 IST" name="BeforeClass" finished-at="2024-07-12T22:43:43 IST" duration-ms="3665" status="PASS">
          <reporter-output>
          </reporter-output>
        </test-method> <!-- BeforeClass -->
        <test-method is-config="true" signature="BeforeMethod()[pri:0, instance:Campaign.CreateCampaignTest@942a29c]" started-at="2024-07-12T22:43:43 IST" name="BeforeMethod" finished-at="2024-07-12T22:43:48 IST" duration-ms="5423" status="PASS">
          <reporter-output>
          </reporter-output>
        </test-method> <!-- BeforeMethod -->
        <test-method signature="CreateCampaignTest()[pri:0, instance:Campaign.CreateCampaignTest@942a29c]" started-at="2024-07-12T22:43:48 IST" name="CreateCampaignTest" finished-at="2024-07-12T22:44:09 IST" duration-ms="21034" status="PASS">
          <reporter-output>
          </reporter-output>
        </test-method> <!-- CreateCampaignTest -->
        <test-method is-config="true" signature="AfterMethod()[pri:0, instance:Campaign.CreateCampaignTest@942a29c]" started-at="2024-07-12T22:44:09 IST" name="AfterMethod" finished-at="2024-07-12T22:44:15 IST" duration-ms="5415" status="PASS">
          <reporter-output>
          </reporter-output>
        </test-method> <!-- AfterMethod -->
        <test-method is-config="true" signature="AfterClass()[pri:0, instance:Campaign.CreateCampaignTest@942a29c]" started-at="2024-07-12T22:44:15 IST" name="AfterClass" finished-at="2024-07-12T22:44:15 IST" duration-ms="553" status="PASS">
          <reporter-output>
          </reporter-output>
        </test-method> <!-- AfterClass -->
        <test-method is-config="true" signature="AfterTest()[pri:0, instance:Campaign.CreateCampaignTest@942a29c]" started-at="2024-07-12T22:44:15 IST" name="AfterTest" finished-at="2024-07-12T22:44:15 IST" duration-ms="1" status="PASS">
          <reporter-output>
          </reporter-output>
        </test-method> <!-- AfterTest -->
        <test-method is-config="true" signature="AfterSuite()[pri:0, instance:Campaign.CreateCampaignTest@942a29c]" started-at="2024-07-12T22:44:15 IST" name="AfterSuite" finished-at="2024-07-12T22:44:15 IST" duration-ms="1" status="PASS">
          <reporter-output>
          </reporter-output>
        </test-method> <!-- AfterSuite -->
      </class> <!-- Campaign.CreateCampaignTest -->
    </test> <!-- Default test -->
  </suite> <!-- Default suite -->
</testng-results>
